#
# A fatal error has been detected by the Java Runtime Environment:
#
#  SIGSEGV (0xb) at pc=0x00007fc898c3baba, pid=5750, tid=0x00007fc879a9a700
#
# JRE version: Java(TM) SE Runtime Environment (8.0_201-b09) (build 1.8.0_201-b09)
# Java VM: Java HotSpot(TM) 64-Bit Server VM (25.201-b09 mixed mode linux-amd64 compressed oops)
# Problematic frame:
# v  ~BufferBlob::jni_fast_GetLongField
#
# Failed to write core dump. Core dumps have been disabled. To enable core dumping, try "ulimit -c unlimited" before starting Java again
#
# If you would like to submit a bug report, please visit:
#   http://bugreport.java.com/bugreport/crash.jsp
# The crash happened outside the Java Virtual Machine in native code.
# See problematic frame for where to report the bug.
#

---------------  T H R E A D  ---------------

Current thread (0x00007fc8a81fe000):  JavaThread "AWT-XAWT" daemon [_thread_in_native, id=5775, stack(0x00007fc87999a000,0x00007fc879a9b000)]

siginfo: si_signo: 11 (SIGSEGV), si_code: 1 (SEGV_MAPERR), si_addr: 0x0000000000000000

Registers:
RAX=0x00007fc8adfcc400, RBX=0x00007fc8a81fe1f8, RCX=0x0000000000000001, RDX=0x0000000000000042
RSP=0x00007fc879a99818, RBP=0x00007fc879a99840, RSI=0x0000000000000000, RDI=0x00007fc8a81fe1f8
R8 =0x00007fc87b2e89b0, R9 =0x0000000000000000, R10=0x0000000000000034, R11=0x00007fc898f13758
R12=0x0000000000000000, R13=0x0000000000000000, R14=0x00007fc87ba2cb00, R15=0x00007fc8a81fe000
RIP=0x00007fc898c3baba, EFLAGS=0x0000000000010246, CSGSFS=0x002b000000000033, ERR=0x0000000000000004
  TRAPNO=0x000000000000000e

Top of Stack: (sp=0x00007fc879a99818)
0x00007fc879a99818:   00007fc87b80af24 00007fc891e124c0
0x00007fc879a99828:   0000000000000000 00007fc879a998f0
0x00007fc879a99838:   00007fc879a998c0 00007fc854086430
0x00007fc879a99848:   00007fc87b2f0b1d 00007fc891e124c0
0x00007fc879a99858:   00007fc879a99880 0000000000000000
0x00007fc879a99868:   00007fc87b2e89d3 00007fc879a998f0
0x00007fc879a99878:   00007fc87b8032af 00007fc879a998d0
0x00007fc879a99888:   00007fc898f137f6 0000000000000000
0x00007fc879a99898:   00007fc898dbd576 00007fc879a998f0
0x00007fc879a998a8:   00007fc898d512ac 00007fc879a99950
0x00007fc879a998b8:   00000000ec1ca728 00000000ec13e3c8
0x00007fc879a998c8:   00000000ebf64fa0 00007fc879a99950
0x00007fc879a998d8:   00007fc898bd9a90 00007fc879a99950
0x00007fc879a998e8:   00007fc898bd9a90 0000000000000000
0x00007fc879a998f8:   00007fc898bd9dd0 00007fc85c001090
0x00007fc879a99908:   00000000ec1ca728 00007fc879a99910
0x00007fc879a99918:   00007fc891f053ec 00007fc879a99998
0x00007fc879a99928:   00007fc891f0e520 0000000000000000
0x00007fc879a99938:   00007fc891f05528 00007fc879a998f0
0x00007fc879a99948:   00007fc879a99990 00007fc879a999e0
0x00007fc879a99958:   00007fc898bda2bd 0000000000000000
0x00007fc879a99968:   00000000ec275b60 0000000000000000
0x00007fc879a99978:   0000000000000000 0000000000000000
0x00007fc879a99988:   00000000ec1ca728 0000000000000000
0x00007fc879a99998:   00000000ec175da8 00007fc879a999a0
0x00007fc879a999a8:   00007fc891f0522d 00007fc879a999f0
0x00007fc879a999b8:   00007fc891f0e520 0000000000000000
0x00007fc879a999c8:   00007fc891f05238 00007fc879a99990
0x00007fc879a999d8:   00007fc879a999f0 00007fc879a99a38
0x00007fc879a999e8:   00007fc898bda302 00000000ec175da8
0x00007fc879a999f8:   00007fc879a999f8 00007fc891a0e6cb
0x00007fc879a99a08:   00007fc879a99a48 00007fc891a963e8 

Instructions: (pc=0x00007fc898c3baba)
0x00007fc898c3ba9a:   00 00 00 00 00 00 44 8b 15 95 04 3d 15 4c 8b ce
0x00007fc898c3baaa:   41 f6 c2 01 0f 85 2e 00 00 00 4d 33 ca 4d 33 ca
0x00007fc898c3baba:   4d 8b 09 4c 8b da 49 c1 eb 02 4b 8b 04 19 49 bb
0x00007fc898c3baca:   3c bf 00 ae c8 7f 00 00 4c 33 d8 4c 33 d8 45 3b 

Register to memory mapping:

RAX=0x00007fc8adfcc400: <offset 0xf8d400> in /usr/lib/jvm/java-8-oracle/jre/lib/amd64/server/libjvm.so at 0x00007fc8ad03f000
RBX=0x00007fc8a81fe1f8 is an unknown value
RCX=0x0000000000000001 is an unknown value
RDX=0x0000000000000042 is an unknown value
RSP=0x00007fc879a99818 is pointing into the stack for thread: 0x00007fc8a81fe000
RBP=0x00007fc879a99840 is pointing into the stack for thread: 0x00007fc8a81fe000
RSI=0x0000000000000000 is an unknown value
RDI=0x00007fc8a81fe1f8 is an unknown value
R8 =0x00007fc87b2e89b0: <offset 0x5c9b0> in /usr/lib/x86_64-linux-gnu/libX11.so.6 at 0x00007fc87b28c000
R9 =0x0000000000000000 is an unknown value
R10=0x0000000000000034 is an unknown value
R11=0x00007fc898f13758 is at entry_point+24 in (nmethod*)0x00007fc898f135d0
