#
# A fatal error has been detected by the Java Runtime Environment:
#
#  SIGSEGV (0xb) at pc=0x00007fad44a21aba, pid=5694, tid=0x00007fad29999700
#
# JRE version: Java(TM) SE Runtime Environment (8.0_201-b09) (build 1.8.0_201-b09)
# Java VM: Java HotSpot(TM) 64-Bit Server VM (25.201-b09 mixed mode linux-amd64 compressed oops)
# Problematic frame:
# v  ~BufferBlob::jni_fast_GetLongField
#
# Failed to write core dump. Core dumps have been disabled. To enable core dumping, try "ulimit -c unlimited" before starting Java again
#
# If you would like to submit a bug report, please visit:
#   http://bugreport.java.com/bugreport/crash.jsp
# The crash happened outside the Java Virtual Machine in native code.
# See problematic frame for where to report the bug.
#

---------------  T H R E A D  ---------------

Current thread (0x00007fad5421d800):  JavaThread "AWT-XAWT" daemon [_thread_in_native, id=5720, stack(0x00007fad29899000,0x00007fad2999a000)]

siginfo: si_signo: 11 (SIGSEGV), si_code: 1 (SEGV_MAPERR), si_addr: 0x0000000000000000

Registers:
RAX=0x00007fad59f3a400, RBX=0x00007fad5421d9f8, RCX=0x0000000000000001, RDX=0x0000000000000042
RSP=0x00007fad29998818, RBP=0x00007fad29998840, RSI=0x0000000000000000, RDI=0x00007fad5421d9f8
R8 =0x00007fad2b1e79b0, R9 =0x0000000000000000, R10=0x000000000000001c, R11=0x00007fad44baee18
R12=0x0000000000000000, R13=0x0000000000000000, R14=0x00007fad2b92bb00, R15=0x00007fad5421d800
RIP=0x00007fad44a21aba, EFLAGS=0x0000000000010246, CSGSFS=0x002b000000000033, ERR=0x0000000000000004
  TRAPNO=0x000000000000000e

Top of Stack: (sp=0x00007fad29998818)
0x00007fad29998818:   00007fad2b709f24 00007fad41e42e70
0x00007fad29998828:   0000000000000000 00007fad299988f0
0x00007fad29998838:   00007fad299988c0 00007fad00088280
0x00007fad29998848:   00007fad2b1efb1d 00007fad41e42e70
0x00007fad29998858:   00007fad29998880 0000000000000000
0x00007fad29998868:   00007fad2b1e79d3 00007fad299988f0
0x00007fad29998878:   00007fad2b7022af 00007fad299988d0
0x00007fad29998888:   00007fad44baeeb6 0000000000000000
0x00007fad29998898:   00007fad44b99bb6 00007fad299988f0
0x00007fad299988a8:   00007fad44b3bc6c 00007fad29998950
0x00007fad299988b8:   00000000ec175208 00000000ec13e3c8
0x00007fad299988c8:   0000000000000001 00007fad29998950
0x00007fad299988d8:   00007fad449bfa90 00007fad29998950
0x00007fad299988e8:   00007fad449bfa90 0000000000000000
0x00007fad299988f8:   00007fad449bfdd0 00007fad08001090
0x00007fad29998908:   00000000ec1ca728 00007fad29998910
0x00007fad29998918:   00007fad41f352c4 00007fad29998998
0x00007fad29998928:   00007fad41f3e2b0 0000000000000000
0x00007fad29998938:   00007fad41f35400 00007fad299988f0
0x00007fad29998948:   00007fad29998990 00007fad299989e0
0x00007fad29998958:   00007fad449c02bd 0000000000000000
0x00007fad29998968:   00000000ec275b60 0000000000000000
0x00007fad29998978:   0000000000000000 0000000000000000
0x00007fad29998988:   00000000ec1ca728 0000000000000000
0x00007fad29998998:   00000000ec175da8 00007fad299989a0
0x00007fad299989a8:   00007fad41f35105 00007fad299989f0
0x00007fad299989b8:   00007fad41f3e2b0 0000000000000000
0x00007fad299989c8:   00007fad41f35110 00007fad29998990
0x00007fad299989d8:   00007fad299989f0 00007fad29998a38
0x00007fad299989e8:   00007fad449c0302 00000000ec175da8
0x00007fad299989f8:   00007fad299989f8 00007fad41a3f6cb
0x00007fad29998a08:   00007fad29998a48 00007fad41ac73e8 

Instructions: (pc=0x00007fad44a21aba)
0x00007fad44a21a9a:   00 00 00 00 00 00 44 8b 15 95 84 55 15 4c 8b ce
0x00007fad44a21aaa:   41 f6 c2 01 0f 85 2e 00 00 00 4d 33 ca 4d 33 ca
0x00007fad44a21aba:   4d 8b 09 4c 8b da 49 c1 eb 02 4b 8b 04 19 49 bb
0x00007fad44a21aca:   3c 9f f7 59 ad 7f 00 00 4c 33 d8 4c 33 d8 45 3b 

Register to memory mapping:

RAX=0x00007fad59f3a400: <offset 0xf8d400> in /usr/lib/jvm/java-8-oracle/jre/lib/amd64/server/libjvm.so at 0x00007fad58fad000
RBX=0x00007fad5421d9f8 is an unknown value
RCX=0x0000000000000001 is an unknown value
RDX=0x0000000000000042 is an unknown value
RSP=0x00007fad29998818 is pointing into the stack for thread: 0x00007fad5421d800
RBP=0x00007fad29998840 is pointing into the stack for thread: 0x00007fad5421d800
RSI=0x0000000000000000 is an unknown value
RDI=0x00007fad5421d9f8 is an unknown value
R8 =0x00007fad2b1e79b0: <offset 0x5c9b0> in /usr/lib/x86_64-linux-gnu/libX11.so.6 at 0x00007fad2b18b000
R9 =0x0000000000000000 is an unknown value
R10=0x000000000000001c is an unknown value
R11=0x00007fad44baee18 is at entry_point+24 in (nmethod*)0x00007fad44baec90
R12=0x0000000000000000 is an unknown value
R13=0x0000000000000000 is an unknown value
R14=0x00007fad2b92bb00: <offset 0x256b00> in /usr/lib/jvm/java-8-oracle/jre/lib/amd64/libawt_xawt.so at 0x00007fad2b6d5000
R15=0x00007fad5421d800 is a thread


Stack: [0x00007fad29899000,0x00007fad2999a000],  sp=0x00007fad29998818,  free space=1022k
Native frames: (J=compiled Java code, j=interpreted, Vv=VM code, C=native code)
v  ~BufferBlob::jni_fast_GetLongField
C  [libX11.so.6+0x64b1d]  _XimServerDestroy+0x3d

Java frames: (J=compiled Java code, j=interpreted, Vv=VM code)
J 428  sun.awt.X11.XlibWrapper.XFilterEvent(JJ)Z (0 bytes) @ 0x00007fad44baee44 [0x00007fad44baee00+0x44]
j  sun.awt.X11.XToolkit.run(Z)V+300
j  sun.awt.X11.XToolkit.run()V+5
j  java.lang.Thread.run()V+11
v  ~StubRoutines::call_stub

---------------  P R O C E S S  ---------------

Java Threads: ( => current thread )
  0x00007fad24003000 JavaThread "SIGTERM handler" daemon [_thread_new, id=13960, stack(0x0000000000000000,0x0000000000000000)]
  0x00007fad24001000 JavaThread "SIGTERM handler" daemon [_thread_in_Java, id=13946, stack(0x00007fad285d3000,0x00007fad286d4000)]
  0x00007fad0008b800 JavaThread "TimerQueue" daemon [_thread_blocked, id=5725, stack(0x00007fad286d4000,0x00007fad287d5000)]
  0x00007fad5400b000 JavaThread "DestroyJavaVM" [_thread_blocked, id=5696, stack(0x00007fad5aad0000,0x00007fad5abd0000)]
  0x00007fad5427f000 JavaThread "AWT-EventQueue-0" [_thread_blocked, id=5724, stack(0x00007fad29497000,0x00007fad29598000)]
  0x00007fad54278000 JavaThread "AWT-Shutdown" [_thread_blocked, id=5723, stack(0x00007fad29798000,0x00007fad29899000)]
=>0x00007fad5421d800 JavaThread "AWT-XAWT" daemon [_thread_in_native, id=5720, stack(0x00007fad29899000,0x00007fad2999a000)]
  0x00007fad541fd000 JavaThread "Java2D Disposer" daemon [_thread_blocked